  Asteroid.cpp
  Unknown compiler version - please run the configure tests and report the results
e:\programming\c++\projects\m1_spacewar\m1_spacewar\Global.h(140): warning C4267: '=': conversion from 'size_t' to 'uint8_t', possible loss of data
e:\programming\c++\projects\m1_spacewar\m1_spacewar\Global.h(219): warning C4244: 'return': conversion from 'double' to 'int', possible loss of data
e:\programming\c++\projects\m1_spacewar\m1_spacewar\Global.h(223): warning C4244: 'return': conversion from 'double' to 'int', possible loss of data
e:\programming\c++\projects\m1_spacewar\m1_spacewar\Global.h(248): warning C4244: 'initializing': conversion from 'double' to 'float', possible loss of data
e:\programming\c++\projects\m1_spacewar\m1_spacewar\Global.h(249): warning C4244: 'initializing': conversion from 'double' to 'float', possible loss of data
e:\programming\c++\projects\m1_spacewar\m1_spacewar\Global.h(250): warning C4244: 'initializing': conversion from 'int' to 'float', possible loss of data
e:\programming\c++\projects\m1_spacewar\m1_spacewar\Global.h(251): warning C4244: 'initializing': conversion from 'int' to 'float', possible loss of data
e:\programming\c++\projects\m1_spacewar\m1_spacewar\Asteroid.h(31): warning C4244: '=': conversion from 'double' to 'int', possible loss of data
e:\programming\c++\projects\m1_spacewar\m1_spacewar\Asteroid.h(39): warning C4244: '=': conversion from 'double' to 'int', possible loss of data
e:\programming\c++\projects\m1_spacewar\m1_spacewar\Asteroid.h(40): warning C4244: '=': conversion from 'double' to 'int', possible loss of data
e:\programming\c++\projects\m1_spacewar\m1_spacewar\Asteroid.h(41): warning C4244: '=': conversion from 'double' to 'int', possible loss of data
e:\programming\c++\projects\m1_spacewar\m1_spacewar\Asteroid.h(42): warning C4244: '=': conversion from 'double' to 'int', possible loss of data
e:\programming\c++\projects\m1_spacewar\m1_spacewar\Asteroid.h(43): warning C4244: '=': conversion from 'double' to 'int', possible loss of data
e:\programming\c++\projects\m1_spacewar\m1_spacewar\Asteroid.h(44): warning C4244: '=': conversion from 'double' to 'int', possible loss of data
e:\programming\c++\projects\m1_spacewar\m1_spacewar\Asteroid.h(45): warning C4244: '=': conversion from 'double' to 'int', possible loss of data
e:\programming\c++\projects\m1_spacewar\m1_spacewar\Asteroid.h(46): warning C4244: '=': conversion from 'double' to 'int', possible loss of data
e:\programming\c++\projects\m1_spacewar\m1_spacewar\Asteroid.h(47): warning C4244: '=': conversion from 'double' to 'int', possible loss of data
e:\programming\c++\projects\m1_spacewar\m1_spacewar\Asteroid.h(48): warning C4244: '=': conversion from 'double' to 'int', possible loss of data
e:\programming\c++\projects\m1_spacewar\m1_spacewar\Asteroid.h(49): warning C4244: '=': conversion from 'double' to 'int', possible loss of data
e:\programming\c++\projects\m1_spacewar\m1_spacewar\Asteroid.h(50): warning C4244: '=': conversion from 'double' to 'int', possible loss of data
e:\programming\c++\projects\m1_spacewar\m1_spacewar\Asteroid.h(51): warning C4244: '=': conversion from 'double' to 'int', possible loss of data
e:\programming\c++\projects\m1_spacewar\m1_spacewar\Asteroid.h(52): warning C4244: '=': conversion from 'double' to 'int', possible loss of data
  Base.cpp
  Unknown compiler version - please run the configure tests and report the results
e:\programming\c++\projects\m1_spacewar\m1_spacewar\Global.h(140): warning C4267: '=': conversion from 'size_t' to 'uint8_t', possible loss of data
e:\programming\c++\projects\m1_spacewar\m1_spacewar\Global.h(219): warning C4244: 'return': conversion from 'double' to 'int', possible loss of data
e:\programming\c++\projects\m1_spacewar\m1_spacewar\Global.h(223): warning C4244: 'return': conversion from 'double' to 'int', possible loss of data
e:\programming\c++\projects\m1_spacewar\m1_spacewar\Global.h(248): warning C4244: 'initializing': conversion from 'double' to 'float', possible loss of data
e:\programming\c++\projects\m1_spacewar\m1_spacewar\Global.h(249): warning C4244: 'initializing': conversion from 'double' to 'float', possible loss of data
e:\programming\c++\projects\m1_spacewar\m1_spacewar\Global.h(250): warning C4244: 'initializing': conversion from 'int' to 'float', possible loss of data
e:\programming\c++\projects\m1_spacewar\m1_spacewar\Global.h(251): warning C4244: 'initializing': conversion from 'int' to 'float', possible loss of data
  Game.cpp
  Unknown compiler version - please run the configure tests and report the results
e:\programming\c++\projects\m1_spacewar\m1_spacewar\Global.h(140): warning C4267: '=': conversion from 'size_t' to 'uint8_t', possible loss of data
e:\programming\c++\projects\m1_spacewar\m1_spacewar\Global.h(219): warning C4244: 'return': conversion from 'double' to 'int', possible loss of data
e:\programming\c++\projects\m1_spacewar\m1_spacewar\Global.h(223): warning C4244: 'return': conversion from 'double' to 'int', possible loss of data
e:\programming\c++\projects\m1_spacewar\m1_spacewar\Global.h(248): warning C4244: 'initializing': conversion from 'double' to 'float', possible loss of data
e:\programming\c++\projects\m1_spacewar\m1_spacewar\Global.h(249): warning C4244: 'initializing': conversion from 'double' to 'float', possible loss of data
e:\programming\c++\projects\m1_spacewar\m1_spacewar\Global.h(250): warning C4244: 'initializing': conversion from 'int' to 'float', possible loss of data
e:\programming\c++\projects\m1_spacewar\m1_spacewar\Global.h(251): warning C4244: 'initializing': conversion from 'int' to 'float', possible loss of data
e:\programming\c++\projects\m1_spacewar\m1_spacewar\Asteroid.h(31): warning C4244: '=': conversion from 'double' to 'int', possible loss of data
e:\programming\c++\projects\m1_spacewar\m1_spacewar\Asteroid.h(39): warning C4244: '=': conversion from 'double' to 'int', possible loss of data
e:\programming\c++\projects\m1_spacewar\m1_spacewar\Asteroid.h(40): warning C4244: '=': conversion from 'double' to 'int', possible loss of data
e:\programming\c++\projects\m1_spacewar\m1_spacewar\Asteroid.h(41): warning C4244: '=': conversion from 'double' to 'int', possible loss of data
e:\programming\c++\projects\m1_spacewar\m1_spacewar\Asteroid.h(42): warning C4244: '=': conversion from 'double' to 'int', possible loss of data
e:\programming\c++\projects\m1_spacewar\m1_spacewar\Asteroid.h(43): warning C4244: '=': conversion from 'double' to 'int', possible loss of data
e:\programming\c++\projects\m1_spacewar\m1_spacewar\Asteroid.h(44): warning C4244: '=': conversion from 'double' to 'int', possible loss of data
e:\programming\c++\projects\m1_spacewar\m1_spacewar\Asteroid.h(45): warning C4244: '=': conversion from 'double' to 'int', possible loss of data
e:\programming\c++\projects\m1_spacewar\m1_spacewar\Asteroid.h(46): warning C4244: '=': conversion from 'double' to 'int', possible loss of data
e:\programming\c++\projects\m1_spacewar\m1_spacewar\Asteroid.h(47): warning C4244: '=': conversion from 'double' to 'int', possible loss of data
e:\programming\c++\projects\m1_spacewar\m1_spacewar\Asteroid.h(48): warning C4244: '=': conversion from 'double' to 'int', possible loss of data
e:\programming\c++\projects\m1_spacewar\m1_spacewar\Asteroid.h(49): warning C4244: '=': conversion from 'double' to 'int', possible loss of data
e:\programming\c++\projects\m1_spacewar\m1_spacewar\Asteroid.h(50): warning C4244: '=': conversion from 'double' to 'int', possible loss of data
e:\programming\c++\projects\m1_spacewar\m1_spacewar\Asteroid.h(51): warning C4244: '=': conversion from 'double' to 'int', possible loss of data
e:\programming\c++\projects\m1_spacewar\m1_spacewar\Asteroid.h(52): warning C4244: '=': conversion from 'double' to 'int', possible loss of data
e:\programming\c++\projects\m1_spacewar\m1_spacewar\Laser.h(35): warning C4244: '=': conversion from 'double' to 'int', possible loss of data
e:\programming\c++\projects\m1_spacewar\m1_spacewar\Laser.h(47): warning C4244: 'argument': conversion from 'double' to 'int', possible loss of data
e:\programming\c++\projects\m1_spacewar\m1_spacewar\Laser.h(66): warning C4267: '=': conversion from 'size_t' to 'uint8_t', possible loss of data
e:\programming\c++\projects\m1_spacewar\m1_spacewar\Laser.h(74): warning C4244: '=': conversion from 'const double' to 'Sint16', possible loss of data
e:\programming\c++\projects\m1_spacewar\m1_spacewar\Laser.h(75): warning C4244: '=': conversion from 'const double' to 'Sint16', possible loss of data
e:\programming\c++\projects\m1_spacewar\m1_spacewar\PlayerShip.h(36): warning C4018: '<': signed/unsigned mismatch
e:\programming\c++\projects\m1_spacewar\m1_spacewar\PlayerShip.h(82): warning C4244: '=': conversion from 'double' to 'int', possible loss of data
e:\programming\c++\projects\m1_spacewar\m1_spacewar\PlayerShip.h(83): warning C4244: '=': conversion from 'double' to 'int', possible loss of data
e:\programming\c++\projects\m1_spacewar\m1_spacewar\PlayerShip.h(101): warning C4244: '=': conversion from 'double' to 'int', possible loss of data
e:\programming\c++\projects\m1_spacewar\m1_spacewar\PlayerShip.h(102): warning C4244: '=': conversion from 'double' to 'int', possible loss of data
e:\programming\c++\projects\m1_spacewar\m1_spacewar\PlayerShip.h(103): warning C4244: '=': conversion from 'double' to 'int', possible loss of data
e:\programming\c++\projects\m1_spacewar\m1_spacewar\PlayerShip.h(104): warning C4244: '=': conversion from 'double' to 'int', possible loss of data
e:\programming\c++\projects\m1_spacewar\m1_spacewar\PlayerShip.h(105): warning C4244: '=': conversion from 'double' to 'int', possible loss of data
e:\programming\c++\projects\m1_spacewar\m1_spacewar\PlayerShip.h(106): warning C4244: '=': conversion from 'double' to 'int', possible loss of data
e:\programming\c++\projects\m1_spacewar\m1_spacewar\PlayerShip.h(107): warning C4244: '=': conversion from 'double' to 'int', possible loss of data
e:\programming\c++\projects\m1_spacewar\m1_spacewar\PlayerShip.h(108): warning C4244: '=': conversion from 'double' to 'int', possible loss of data
e:\programming\c++\projects\m1_spacewar\m1_spacewar\PlayerShip.h(121): warning C4244: 'argument': conversion from 'double' to 'int', possible loss of data
e:\programming\c++\projects\m1_spacewar\m1_spacewar\PlayerShip.h(136): warning C4018: '<': signed/unsigned mismatch
e:\programming\c++\projects\m1_spacewar\m1_spacewar\PlayerShip.h(145): warning C4018: '<': signed/unsigned mismatch
e:\programming\c++\projects\m1_spacewar\m1_spacewar\PlayerShip.h(161): warning C4244: 'argument': conversion from 'double' to 'int', possible loss of data
e:\programming\c++\projects\m1_spacewar\m1_spacewar\PlayerShip.h(166): warning C4244: 'argument': conversion from 'double' to 'int', possible loss of data
e:\programming\c++\projects\m1_spacewar\m1_spacewar\PlayerShip.h(171): warning C4244: 'argument': conversion from 'double' to 'int', possible loss of data
e:\programming\c++\projects\m1_spacewar\m1_spacewar\PlayerShip.h(176): warning C4244: 'argument': conversion from 'double' to 'int', possible loss of data
e:\programming\c++\projects\m1_spacewar\m1_spacewar\Game.h(293): warning C4018: '<': signed/unsigned mismatch
e:\programming\c++\projects\m1_spacewar\m1_spacewar\Game.h(297): warning C4018: '<': signed/unsigned mismatch
Game.cpp(138): warning C4018: '<': signed/unsigned mismatch
  Global.cpp
  Unknown compiler version - please run the configure tests and report the results
e:\programming\c++\projects\m1_spacewar\m1_spacewar\Global.h(140): warning C4267: '=': conversion from 'size_t' to 'uint8_t', possible loss of data
e:\programming\c++\projects\m1_spacewar\m1_spacewar\Global.h(219): warning C4244: 'return': conversion from 'double' to 'int', possible loss of data
e:\programming\c++\projects\m1_spacewar\m1_spacewar\Global.h(223): warning C4244: 'return': conversion from 'double' to 'int', possible loss of data
e:\programming\c++\projects\m1_spacewar\m1_spacewar\Global.h(248): warning C4244: 'initializing': conversion from 'double' to 'float', possible loss of data
e:\programming\c++\projects\m1_spacewar\m1_spacewar\Global.h(249): warning C4244: 'initializing': conversion from 'double' to 'float', possible loss of data
e:\programming\c++\projects\m1_spacewar\m1_spacewar\Global.h(250): warning C4244: 'initializing': conversion from 'int' to 'float', possible loss of data
e:\programming\c++\projects\m1_spacewar\m1_spacewar\Global.h(251): warning C4244: 'initializing': conversion from 'int' to 'float', possible loss of data
  Laser.cpp
  Unknown compiler version - please run the configure tests and report the results
e:\programming\c++\projects\m1_spacewar\m1_spacewar\Global.h(140): warning C4267: '=': conversion from 'size_t' to 'uint8_t', possible loss of data
e:\programming\c++\projects\m1_spacewar\m1_spacewar\Global.h(219): warning C4244: 'return': conversion from 'double' to 'int', possible loss of data
e:\programming\c++\projects\m1_spacewar\m1_spacewar\Global.h(223): warning C4244: 'return': conversion from 'double' to 'int', possible loss of data
e:\programming\c++\projects\m1_spacewar\m1_spacewar\Global.h(248): warning C4244: 'initializing': conversion from 'double' to 'float', possible loss of data
e:\programming\c++\projects\m1_spacewar\m1_spacewar\Global.h(249): warning C4244: 'initializing': conversion from 'double' to 'float', possible loss of data
e:\programming\c++\projects\m1_spacewar\m1_spacewar\Global.h(250): warning C4244: 'initializing': conversion from 'int' to 'float', possible loss of data
e:\programming\c++\projects\m1_spacewar\m1_spacewar\Global.h(251): warning C4244: 'initializing': conversion from 'int' to 'float', possible loss of data
e:\programming\c++\projects\m1_spacewar\m1_spacewar\Asteroid.h(31): warning C4244: '=': conversion from 'double' to 'int', possible loss of data
e:\programming\c++\projects\m1_spacewar\m1_spacewar\Asteroid.h(39): warning C4244: '=': conversion from 'double' to 'int', possible loss of data
e:\programming\c++\projects\m1_spacewar\m1_spacewar\Asteroid.h(40): warning C4244: '=': conversion from 'double' to 'int', possible loss of data
e:\programming\c++\projects\m1_spacewar\m1_spacewar\Asteroid.h(41): warning C4244: '=': conversion from 'double' to 'int', possible loss of data
e:\programming\c++\projects\m1_spacewar\m1_spacewar\Asteroid.h(42): warning C4244: '=': conversion from 'double' to 'int', possible loss of data
e:\programming\c++\projects\m1_spacewar\m1_spacewar\Asteroid.h(43): warning C4244: '=': conversion from 'double' to 'int', possible loss of data
e:\programming\c++\projects\m1_spacewar\m1_spacewar\Asteroid.h(44): warning C4244: '=': conversion from 'double' to 'int', possible loss of data
e:\programming\c++\projects\m1_spacewar\m1_spacewar\Asteroid.h(45): warning C4244: '=': conversion from 'double' to 'int', possible loss of data
e:\programming\c++\projects\m1_spacewar\m1_spacewar\Asteroid.h(46): warning C4244: '=': conversion from 'double' to 'int', possible loss of data
e:\programming\c++\projects\m1_spacewar\m1_spacewar\Asteroid.h(47): warning C4244: '=': conversion from 'double' to 'int', possible loss of data
e:\programming\c++\projects\m1_spacewar\m1_spacewar\Asteroid.h(48): warning C4244: '=': conversion from 'double' to 'int', possible loss of data
e:\programming\c++\projects\m1_spacewar\m1_spacewar\Asteroid.h(49): warning C4244: '=': conversion from 'double' to 'int', possible loss of data
e:\programming\c++\projects\m1_spacewar\m1_spacewar\Asteroid.h(50): warning C4244: '=': conversion from 'double' to 'int', possible loss of data
e:\programming\c++\projects\m1_spacewar\m1_spacewar\Asteroid.h(51): warning C4244: '=': conversion from 'double' to 'int', possible loss of data
e:\programming\c++\projects\m1_spacewar\m1_spacewar\Asteroid.h(52): warning C4244: '=': conversion from 'double' to 'int', possible loss of data
e:\programming\c++\projects\m1_spacewar\m1_spacewar\Laser.h(35): warning C4244: '=': conversion from 'double' to 'int', possible loss of data
e:\programming\c++\projects\m1_spacewar\m1_spacewar\Laser.h(47): warning C4244: 'argument': conversion from 'double' to 'int', possible loss of data
e:\programming\c++\projects\m1_spacewar\m1_spacewar\Laser.h(66): warning C4267: '=': conversion from 'size_t' to 'uint8_t', possible loss of data
e:\programming\c++\projects\m1_spacewar\m1_spacewar\Laser.h(74): warning C4244: '=': conversion from 'const double' to 'Sint16', possible loss of data
e:\programming\c++\projects\m1_spacewar\m1_spacewar\Laser.h(75): warning C4244: '=': conversion from 'const double' to 'Sint16', possible loss of data
  main.cpp
  Unknown compiler version - please run the configure tests and report the results
e:\programming\c++\projects\m1_spacewar\m1_spacewar\Global.h(140): warning C4267: '=': conversion from 'size_t' to 'uint8_t', possible loss of data
e:\programming\c++\projects\m1_spacewar\m1_spacewar\Global.h(219): warning C4244: 'return': conversion from 'double' to 'int', possible loss of data
e:\programming\c++\projects\m1_spacewar\m1_spacewar\Global.h(223): warning C4244: 'return': conversion from 'double' to 'int', possible loss of data
e:\programming\c++\projects\m1_spacewar\m1_spacewar\Global.h(248): warning C4244: 'initializing': conversion from 'double' to 'float', possible loss of data
e:\programming\c++\projects\m1_spacewar\m1_spacewar\Global.h(249): warning C4244: 'initializing': conversion from 'double' to 'float', possible loss of data
e:\programming\c++\projects\m1_spacewar\m1_spacewar\Global.h(250): warning C4244: 'initializing': conversion from 'int' to 'float', possible loss of data
e:\programming\c++\projects\m1_spacewar\m1_spacewar\Global.h(251): warning C4244: 'initializing': conversion from 'int' to 'float', possible loss of data
e:\programming\c++\projects\m1_spacewar\m1_spacewar\Asteroid.h(31): warning C4244: '=': conversion from 'double' to 'int', possible loss of data
e:\programming\c++\projects\m1_spacewar\m1_spacewar\Asteroid.h(39): warning C4244: '=': conversion from 'double' to 'int', possible loss of data
e:\programming\c++\projects\m1_spacewar\m1_spacewar\Asteroid.h(40): warning C4244: '=': conversion from 'double' to 'int', possible loss of data
e:\programming\c++\projects\m1_spacewar\m1_spacewar\Asteroid.h(41): warning C4244: '=': conversion from 'double' to 'int', possible loss of data
e:\programming\c++\projects\m1_spacewar\m1_spacewar\Asteroid.h(42): warning C4244: '=': conversion from 'double' to 'int', possible loss of data
e:\programming\c++\projects\m1_spacewar\m1_spacewar\Asteroid.h(43): warning C4244: '=': conversion from 'double' to 'int', possible loss of data
e:\programming\c++\projects\m1_spacewar\m1_spacewar\Asteroid.h(44): warning C4244: '=': conversion from 'double' to 'int', possible loss of data
e:\programming\c++\projects\m1_spacewar\m1_spacewar\Asteroid.h(45): warning C4244: '=': conversion from 'double' to 'int', possible loss of data
e:\programming\c++\projects\m1_spacewar\m1_spacewar\Asteroid.h(46): warning C4244: '=': conversion from 'double' to 'int', possible loss of data
e:\programming\c++\projects\m1_spacewar\m1_spacewar\Asteroid.h(47): warning C4244: '=': conversion from 'double' to 'int', possible loss of data
e:\programming\c++\projects\m1_spacewar\m1_spacewar\Asteroid.h(48): warning C4244: '=': conversion from 'double' to 'int', possible loss of data
e:\programming\c++\projects\m1_spacewar\m1_spacewar\Asteroid.h(49): warning C4244: '=': conversion from 'double' to 'int', possible loss of data
e:\programming\c++\projects\m1_spacewar\m1_spacewar\Asteroid.h(50): warning C4244: '=': conversion from 'double' to 'int', possible loss of data
e:\programming\c++\projects\m1_spacewar\m1_spacewar\Asteroid.h(51): warning C4244: '=': conversion from 'double' to 'int', possible loss of data
e:\programming\c++\projects\m1_spacewar\m1_spacewar\Asteroid.h(52): warning C4244: '=': conversion from 'double' to 'int', possible loss of data
e:\programming\c++\projects\m1_spacewar\m1_spacewar\Laser.h(35): warning C4244: '=': conversion from 'double' to 'int', possible loss of data
e:\programming\c++\projects\m1_spacewar\m1_spacewar\Laser.h(47): warning C4244: 'argument': conversion from 'double' to 'int', possible loss of data
e:\programming\c++\projects\m1_spacewar\m1_spacewar\Laser.h(66): warning C4267: '=': conversion from 'size_t' to 'uint8_t', possible loss of data
e:\programming\c++\projects\m1_spacewar\m1_spacewar\Laser.h(74): warning C4244: '=': conversion from 'const double' to 'Sint16', possible loss of data
e:\programming\c++\projects\m1_spacewar\m1_spacewar\Laser.h(75): warning C4244: '=': conversion from 'const double' to 'Sint16', possible loss of data
e:\programming\c++\projects\m1_spacewar\m1_spacewar\PlayerShip.h(36): warning C4018: '<': signed/unsigned mismatch
e:\programming\c++\projects\m1_spacewar\m1_spacewar\PlayerShip.h(82): warning C4244: '=': conversion from 'double' to 'int', possible loss of data
e:\programming\c++\projects\m1_spacewar\m1_spacewar\PlayerShip.h(83): warning C4244: '=': conversion from 'double' to 'int', possible loss of data
e:\programming\c++\projects\m1_spacewar\m1_spacewar\PlayerShip.h(101): warning C4244: '=': conversion from 'double' to 'int', possible loss of data
e:\programming\c++\projects\m1_spacewar\m1_spacewar\PlayerShip.h(102): warning C4244: '=': conversion from 'double' to 'int', possible loss of data
e:\programming\c++\projects\m1_spacewar\m1_spacewar\PlayerShip.h(103): warning C4244: '=': conversion from 'double' to 'int', possible loss of data
e:\programming\c++\projects\m1_spacewar\m1_spacewar\PlayerShip.h(104): warning C4244: '=': conversion from 'double' to 'int', possible loss of data
e:\programming\c++\projects\m1_spacewar\m1_spacewar\PlayerShip.h(105): warning C4244: '=': conversion from 'double' to 'int', possible loss of data
e:\programming\c++\projects\m1_spacewar\m1_spacewar\PlayerShip.h(106): warning C4244: '=': conversion from 'double' to 'int', possible loss of data
e:\programming\c++\projects\m1_spacewar\m1_spacewar\PlayerShip.h(107): warning C4244: '=': conversion from 'double' to 'int', possible loss of data
e:\programming\c++\projects\m1_spacewar\m1_spacewar\PlayerShip.h(108): warning C4244: '=': conversion from 'double' to 'int', possible loss of data
e:\programming\c++\projects\m1_spacewar\m1_spacewar\PlayerShip.h(121): warning C4244: 'argument': conversion from 'double' to 'int', possible loss of data
e:\programming\c++\projects\m1_spacewar\m1_spacewar\PlayerShip.h(136): warning C4018: '<': signed/unsigned mismatch
e:\programming\c++\projects\m1_spacewar\m1_spacewar\PlayerShip.h(145): warning C4018: '<': signed/unsigned mismatch
e:\programming\c++\projects\m1_spacewar\m1_spacewar\PlayerShip.h(161): warning C4244: 'argument': conversion from 'double' to 'int', possible loss of data
e:\programming\c++\projects\m1_spacewar\m1_spacewar\PlayerShip.h(166): warning C4244: 'argument': conversion from 'double' to 'int', possible loss of data
e:\programming\c++\projects\m1_spacewar\m1_spacewar\PlayerShip.h(171): warning C4244: 'argument': conversion from 'double' to 'int', possible loss of data
e:\programming\c++\projects\m1_spacewar\m1_spacewar\PlayerShip.h(176): warning C4244: 'argument': conversion from 'double' to 'int', possible loss of data
e:\programming\c++\projects\m1_spacewar\m1_spacewar\Game.h(293): warning C4018: '<': signed/unsigned mismatch
e:\programming\c++\projects\m1_spacewar\m1_spacewar\Game.h(297): warning C4018: '<': signed/unsigned mismatch
  PlayerShip.cpp
  Unknown compiler version - please run the configure tests and report the results
e:\programming\c++\projects\m1_spacewar\m1_spacewar\Global.h(140): warning C4267: '=': conversion from 'size_t' to 'uint8_t', possible loss of data
e:\programming\c++\projects\m1_spacewar\m1_spacewar\Global.h(219): warning C4244: 'return': conversion from 'double' to 'int', possible loss of data
e:\programming\c++\projects\m1_spacewar\m1_spacewar\Global.h(223): warning C4244: 'return': conversion from 'double' to 'int', possible loss of data
e:\programming\c++\projects\m1_spacewar\m1_spacewar\Global.h(248): warning C4244: 'initializing': conversion from 'double' to 'float', possible loss of data
e:\programming\c++\projects\m1_spacewar\m1_spacewar\Global.h(249): warning C4244: 'initializing': conversion from 'double' to 'float', possible loss of data
e:\programming\c++\projects\m1_spacewar\m1_spacewar\Global.h(250): warning C4244: 'initializing': conversion from 'int' to 'float', possible loss of data
e:\programming\c++\projects\m1_spacewar\m1_spacewar\Global.h(251): warning C4244: 'initializing': conversion from 'int' to 'float', possible loss of data
e:\programming\c++\projects\m1_spacewar\m1_spacewar\Asteroid.h(31): warning C4244: '=': conversion from 'double' to 'int', possible loss of data
e:\programming\c++\projects\m1_spacewar\m1_spacewar\Asteroid.h(39): warning C4244: '=': conversion from 'double' to 'int', possible loss of data
e:\programming\c++\projects\m1_spacewar\m1_spacewar\Asteroid.h(40): warning C4244: '=': conversion from 'double' to 'int', possible loss of data
e:\programming\c++\projects\m1_spacewar\m1_spacewar\Asteroid.h(41): warning C4244: '=': conversion from 'double' to 'int', possible loss of data
e:\programming\c++\projects\m1_spacewar\m1_spacewar\Asteroid.h(42): warning C4244: '=': conversion from 'double' to 'int', possible loss of data
e:\programming\c++\projects\m1_spacewar\m1_spacewar\Asteroid.h(43): warning C4244: '=': conversion from 'double' to 'int', possible loss of data
e:\programming\c++\projects\m1_spacewar\m1_spacewar\Asteroid.h(44): warning C4244: '=': conversion from 'double' to 'int', possible loss of data
e:\programming\c++\projects\m1_spacewar\m1_spacewar\Asteroid.h(45): warning C4244: '=': conversion from 'double' to 'int', possible loss of data
e:\programming\c++\projects\m1_spacewar\m1_spacewar\Asteroid.h(46): warning C4244: '=': conversion from 'double' to 'int', possible loss of data
e:\programming\c++\projects\m1_spacewar\m1_spacewar\Asteroid.h(47): warning C4244: '=': conversion from 'double' to 'int', possible loss of data
e:\programming\c++\projects\m1_spacewar\m1_spacewar\Asteroid.h(48): warning C4244: '=': conversion from 'double' to 'int', possible loss of data
e:\programming\c++\projects\m1_spacewar\m1_spacewar\Asteroid.h(49): warning C4244: '=': conversion from 'double' to 'int', possible loss of data
e:\programming\c++\projects\m1_spacewar\m1_spacewar\Asteroid.h(50): warning C4244: '=': conversion from 'double' to 'int', possible loss of data
e:\programming\c++\projects\m1_spacewar\m1_spacewar\Asteroid.h(51): warning C4244: '=': conversion from 'double' to 'int', possible loss of data
e:\programming\c++\projects\m1_spacewar\m1_spacewar\Asteroid.h(52): warning C4244: '=': conversion from 'double' to 'int', possible loss of data
e:\programming\c++\projects\m1_spacewar\m1_spacewar\Laser.h(35): warning C4244: '=': conversion from 'double' to 'int', possible loss of data
e:\programming\c++\projects\m1_spacewar\m1_spacewar\Laser.h(47): warning C4244: 'argument': conversion from 'double' to 'int', possible loss of data
e:\programming\c++\projects\m1_spacewar\m1_spacewar\Laser.h(66): warning C4267: '=': conversion from 'size_t' to 'uint8_t', possible loss of data
e:\programming\c++\projects\m1_spacewar\m1_spacewar\Laser.h(74): warning C4244: '=': conversion from 'const double' to 'Sint16', possible loss of data
e:\programming\c++\projects\m1_spacewar\m1_spacewar\Laser.h(75): warning C4244: '=': conversion from 'const double' to 'Sint16', possible loss of data
e:\programming\c++\projects\m1_spacewar\m1_spacewar\PlayerShip.h(36): warning C4018: '<': signed/unsigned mismatch
e:\programming\c++\projects\m1_spacewar\m1_spacewar\PlayerShip.h(82): warning C4244: '=': conversion from 'double' to 'int', possible loss of data
e:\programming\c++\projects\m1_spacewar\m1_spacewar\PlayerShip.h(83): warning C4244: '=': conversion from 'double' to 'int', possible loss of data
e:\programming\c++\projects\m1_spacewar\m1_spacewar\PlayerShip.h(101): warning C4244: '=': conversion from 'double' to 'int', possible loss of data
e:\programming\c++\projects\m1_spacewar\m1_spacewar\PlayerShip.h(102): warning C4244: '=': conversion from 'double' to 'int', possible loss of data
e:\programming\c++\projects\m1_spacewar\m1_spacewar\PlayerShip.h(103): warning C4244: '=': conversion from 'double' to 'int', possible loss of data
e:\programming\c++\projects\m1_spacewar\m1_spacewar\PlayerShip.h(104): warning C4244: '=': conversion from 'double' to 'int', possible loss of data
e:\programming\c++\projects\m1_spacewar\m1_spacewar\PlayerShip.h(105): warning C4244: '=': conversion from 'double' to 'int', possible loss of data
e:\programming\c++\projects\m1_spacewar\m1_spacewar\PlayerShip.h(106): warning C4244: '=': conversion from 'double' to 'int', possible loss of data
e:\programming\c++\projects\m1_spacewar\m1_spacewar\PlayerShip.h(107): warning C4244: '=': conversion from 'double' to 'int', possible loss of data
e:\programming\c++\projects\m1_spacewar\m1_spacewar\PlayerShip.h(108): warning C4244: '=': conversion from 'double' to 'int', possible loss of data
e:\programming\c++\projects\m1_spacewar\m1_spacewar\PlayerShip.h(121): warning C4244: 'argument': conversion from 'double' to 'int', possible loss of data
e:\programming\c++\projects\m1_spacewar\m1_spacewar\PlayerShip.h(136): warning C4018: '<': signed/unsigned mismatch
e:\programming\c++\projects\m1_spacewar\m1_spacewar\PlayerShip.h(145): warning C4018: '<': signed/unsigned mismatch
e:\programming\c++\projects\m1_spacewar\m1_spacewar\PlayerShip.h(161): warning C4244: 'argument': conversion from 'double' to 'int', possible loss of data
e:\programming\c++\projects\m1_spacewar\m1_spacewar\PlayerShip.h(166): warning C4244: 'argument': conversion from 'double' to 'int', possible loss of data
e:\programming\c++\projects\m1_spacewar\m1_spacewar\PlayerShip.h(171): warning C4244: 'argument': conversion from 'double' to 'int', possible loss of data
e:\programming\c++\projects\m1_spacewar\m1_spacewar\PlayerShip.h(176): warning C4244: 'argument': conversion from 'double' to 'int', possible loss of data
  Generating code
  All 909 functions were compiled because no usable IPDB/IOBJ from previous compilation was found.
  Finished generating code
M1Random.lib(M1Random.obj) : warning LNK4099: PDB 'M1Random.pdb' was not found with 'M1Random.lib(M1Random.obj)' or at 'E:\Programming\C++\Projects\M1_Spacewar\Release\M1Random.pdb'; linking object as if no debug info
  M1_Spacewar.vcxproj -> E:\Programming\C++\Projects\M1_Spacewar\Release\M1_Spacewar.exe
